<?xml version="1.0" encoding="UTF-8"?>
<coverage generated="1642214763387" clover="3.2.0">
  <project timestamp="1642214763387" name="All files">
    <metrics statements="62" coveredstatements="62" conditionals="10" coveredconditionals="10" methods="25" coveredmethods="25" elements="97" coveredelements="97" complexity="0" loc="62" ncloc="62" packages="1" files="3" classes="3"/>
    <file name="commands.ts" path="/Users/tjp/code/projects/tsy/packages/tsy_ecs/src/commands.ts">
      <metrics statements="36" coveredstatements="36" conditionals="7" coveredconditionals="7" methods="13" coveredmethods="13"/>
      <line num="43" count="1" type="stmt"/>
      <line num="44" count="8" type="stmt"/>
      <line num="47" count="8" type="stmt"/>
      <line num="51" count="7" type="stmt"/>
      <line num="55" count="2" type="stmt"/>
      <line num="62" count="1" type="stmt"/>
      <line num="69" count="9" type="cond" truecount="1" falsecount="0"/>
      <line num="70" count="1" type="stmt"/>
      <line num="73" count="8" type="stmt"/>
      <line num="77" count="2" type="cond" truecount="1" falsecount="0"/>
      <line num="78" count="1" type="stmt"/>
      <line num="81" count="1" type="stmt"/>
      <line num="85" count="2" type="stmt"/>
      <line num="89" count="7" type="stmt"/>
      <line num="90" count="7" type="cond" truecount="5" falsecount="0"/>
      <line num="92" count="2" type="stmt"/>
      <line num="93" count="2" type="stmt"/>
      <line num="95" count="1" type="stmt"/>
      <line num="96" count="1" type="stmt"/>
      <line num="98" count="1" type="stmt"/>
      <line num="99" count="1" type="stmt"/>
      <line num="101" count="2" type="stmt"/>
      <line num="102" count="2" type="stmt"/>
      <line num="104" count="1" type="stmt"/>
      <line num="105" count="1" type="stmt"/>
      <line num="109" count="7" type="stmt"/>
      <line num="113" count="1" type="stmt"/>
      <line num="115" count="9" type="stmt"/>
      <line num="116" count="9" type="stmt"/>
      <line num="120" count="4" type="stmt"/>
      <line num="124" count="2" type="stmt"/>
      <line num="130" count="2" type="stmt"/>
      <line num="134" count="1" type="stmt"/>
      <line num="140" count="1" type="stmt"/>
      <line num="144" count="1" type="stmt"/>
      <line num="149" count="1" type="stmt"/>
    </file>
    <file name="utilities.ts" path="/Users/tjp/code/projects/tsy/packages/tsy_ecs/src/utilities.ts">
      <metrics statements="1" coveredstatements="1" conditionals="0" coveredconditionals="0" methods="1" coveredmethods="1"/>
      <line num="5" count="21" type="stmt"/>
    </file>
    <file name="world.ts" path="/Users/tjp/code/projects/tsy/packages/tsy_ecs/src/world.ts">
      <metrics statements="25" coveredstatements="25" conditionals="3" coveredconditionals="3" methods="11" coveredmethods="11"/>
      <line num="1" count="2" type="stmt"/>
      <line num="14" count="2" type="stmt"/>
      <line num="15" count="2" type="stmt"/>
      <line num="18" count="6" type="cond" truecount="1" falsecount="0"/>
      <line num="19" count="3" type="stmt"/>
      <line num="24" count="6" type="stmt"/>
      <line num="28" count="2" type="stmt"/>
      <line num="29" count="11" type="stmt"/>
      <line num="31" count="11" type="stmt"/>
      <line num="32" count="11" type="stmt"/>
      <line num="35" count="11" type="stmt"/>
      <line num="41" count="8" type="stmt"/>
      <line num="42" count="8" type="stmt"/>
      <line num="45" count="8" type="stmt"/>
      <line num="46" count="8" type="stmt"/>
      <line num="48" count="8" type="stmt"/>
      <line num="52" count="3" type="cond" truecount="1" falsecount="0"/>
      <line num="53" count="2" type="stmt"/>
      <line num="54" count="2" type="stmt"/>
      <line num="59" count="3" type="stmt"/>
      <line num="63" count="2" type="stmt"/>
      <line num="67" count="8" type="stmt"/>
      <line num="71" count="3" type="stmt"/>
      <line num="75" count="2" type="stmt"/>
      <line num="79" count="8" type="stmt"/>
    </file>
  </project>
</coverage>
