{"/Users/tjp/code/projects/tsy/packages/tsy_ecs/src/commands.ts": {"path":"/Users/tjp/code/projects/tsy/packages/tsy_ecs/src/commands.ts","statementMap":{"0":{"start":{"line":47,"column":21},"end":{"line":47,"column":33}},"1":{"start":{"line":44,"column":10},"end":{"line":44,"column":null}},"2":{"start":{"line":51,"column":4},"end":{"line":51,"column":null}},"3":{"start":{"line":55,"column":4},"end":{"line":58,"column":null}},"4":{"start":{"line":62,"column":4},"end":{"line":65,"column":null}},"5":{"start":{"line":69,"column":4},"end":{"line":71,"column":null}},"6":{"start":{"line":70,"column":6},"end":{"line":70,"column":null}},"7":{"start":{"line":73,"column":4},"end":{"line":73,"column":null}},"8":{"start":{"line":77,"column":4},"end":{"line":79,"column":null}},"9":{"start":{"line":78,"column":6},"end":{"line":78,"column":null}},"10":{"start":{"line":81,"column":4},"end":{"line":81,"column":null}},"11":{"start":{"line":85,"column":4},"end":{"line":85,"column":null}},"12":{"start":{"line":89,"column":4},"end":{"line":107,"column":null}},"13":{"start":{"line":90,"column":6},"end":{"line":106,"column":null}},"14":{"start":{"line":92,"column":10},"end":{"line":92,"column":null}},"15":{"start":{"line":93,"column":10},"end":{"line":93,"column":15}},"16":{"start":{"line":95,"column":10},"end":{"line":95,"column":null}},"17":{"start":{"line":96,"column":10},"end":{"line":96,"column":15}},"18":{"start":{"line":98,"column":10},"end":{"line":98,"column":null}},"19":{"start":{"line":99,"column":10},"end":{"line":99,"column":15}},"20":{"start":{"line":101,"column":10},"end":{"line":101,"column":null}},"21":{"start":{"line":102,"column":10},"end":{"line":102,"column":15}},"22":{"start":{"line":104,"column":10},"end":{"line":104,"column":null}},"23":{"start":{"line":105,"column":10},"end":{"line":105,"column":15}},"24":{"start":{"line":109,"column":4},"end":{"line":109,"column":null}},"25":{"start":{"line":43,"column":0},"end":{"line":43,"column":13}},"26":{"start":{"line":115,"column":21},"end":{"line":115,"column":39}},"27":{"start":{"line":116,"column":21},"end":{"line":116,"column":35}},"28":{"start":{"line":120,"column":4},"end":{"line":120,"column":null}},"29":{"start":{"line":124,"column":4},"end":{"line":128,"column":null}},"30":{"start":{"line":130,"column":4},"end":{"line":130,"column":null}},"31":{"start":{"line":134,"column":4},"end":{"line":138,"column":null}},"32":{"start":{"line":140,"column":4},"end":{"line":140,"column":null}},"33":{"start":{"line":144,"column":4},"end":{"line":147,"column":null}},"34":{"start":{"line":149,"column":4},"end":{"line":149,"column":null}},"35":{"start":{"line":113,"column":0},"end":{"line":113,"column":13}}},"fnMap":{"0":{"name":"(anonymous_0)","decl":{"start":{"line":46,"column":2},"end":{"line":46,"column":null}},"loc":{"start":{"line":47,"column":33},"end":{"line":48,"column":6}}},"1":{"name":"(anonymous_1)","decl":{"start":{"line":50,"column":9},"end":{"line":50,"column":12}},"loc":{"start":{"line":50,"column":29},"end":{"line":52,"column":3}}},"2":{"name":"(anonymous_2)","decl":{"start":{"line":54,"column":9},"end":{"line":54,"column":23}},"loc":{"start":{"line":54,"column":48},"end":{"line":59,"column":3}}},"3":{"name":"(anonymous_3)","decl":{"start":{"line":61,"column":9},"end":{"line":61,"column":23}},"loc":{"start":{"line":61,"column":66},"end":{"line":66,"column":3}}},"4":{"name":"(anonymous_4)","decl":{"start":{"line":68,"column":9},"end":{"line":68,"column":15}},"loc":{"start":{"line":68,"column":30},"end":{"line":74,"column":3}}},"5":{"name":"(anonymous_5)","decl":{"start":{"line":76,"column":9},"end":{"line":76,"column":19}},"loc":{"start":{"line":76,"column":34},"end":{"line":82,"column":3}}},"6":{"name":"(anonymous_6)","decl":{"start":{"line":84,"column":9},"end":{"line":84,"column":14}},"loc":{"start":{"line":84,"column":14},"end":{"line":86,"column":3}}},"7":{"name":"(anonymous_7)","decl":{"start":{"line":88,"column":9},"end":{"line":88,"column":14}},"loc":{"start":{"line":88,"column":14},"end":{"line":110,"column":3}}},"8":{"name":"(anonymous_8)","decl":{"start":{"line":114,"column":2},"end":{"line":114,"column":null}},"loc":{"start":{"line":116,"column":35},"end":{"line":117,"column":6}}},"9":{"name":"(anonymous_9)","decl":{"start":{"line":119,"column":9},"end":{"line":119,"column":11}},"loc":{"start":{"line":119,"column":11},"end":{"line":121,"column":3}}},"10":{"name":"(anonymous_10)","decl":{"start":{"line":123,"column":9},"end":{"line":123,"column":15}},"loc":{"start":{"line":123,"column":41},"end":{"line":131,"column":3}}},"11":{"name":"(anonymous_11)","decl":{"start":{"line":133,"column":9},"end":{"line":133,"column":15}},"loc":{"start":{"line":133,"column":59},"end":{"line":141,"column":3}}},"12":{"name":"(anonymous_12)","decl":{"start":{"line":143,"column":9},"end":{"line":143,"column":16}},"loc":{"start":{"line":143,"column":16},"end":{"line":150,"column":3}}}},"branchMap":{"0":{"loc":{"start":{"line":69,"column":4},"end":{"line":71,"column":null}},"type":"if","locations":[{"start":{"line":69,"column":4},"end":{"line":71,"column":null}}]},"1":{"loc":{"start":{"line":77,"column":4},"end":{"line":79,"column":null}},"type":"if","locations":[{"start":{"line":77,"column":4},"end":{"line":79,"column":null}}]},"2":{"loc":{"start":{"line":90,"column":6},"end":{"line":106,"column":null}},"type":"switch","locations":[{"start":{"line":91,"column":8},"end":{"line":93,"column":15}},{"start":{"line":94,"column":8},"end":{"line":96,"column":15}},{"start":{"line":97,"column":8},"end":{"line":99,"column":15}},{"start":{"line":100,"column":8},"end":{"line":102,"column":15}},{"start":{"line":103,"column":8},"end":{"line":105,"column":15}}]}},"s":{"0":8,"1":8,"2":7,"3":2,"4":1,"5":9,"6":1,"7":8,"8":2,"9":1,"10":1,"11":2,"12":7,"13":7,"14":2,"15":2,"16":1,"17":1,"18":1,"19":1,"20":2,"21":2,"22":1,"23":1,"24":7,"25":1,"26":9,"27":9,"28":4,"29":2,"30":2,"31":1,"32":1,"33":1,"34":1,"35":1},"f":{"0":8,"1":7,"2":2,"3":1,"4":9,"5":2,"6":2,"7":7,"8":9,"9":4,"10":2,"11":1,"12":1},"b":{"0":[1],"1":[1],"2":[2,1,1,2,1]}}
,"/Users/tjp/code/projects/tsy/packages/tsy_ecs/src/utilities.ts": {"path":"/Users/tjp/code/projects/tsy/packages/tsy_ecs/src/utilities.ts","statementMap":{"0":{"start":{"line":5,"column":18},"end":{"line":5,"column":59}},"1":{"start":{"line":5,"column":24},"end":{"line":5,"column":59}},"2":{"start":{"line":5,"column":13},"end":{"line":5,"column":18}}},"fnMap":{"0":{"name":"(anonymous_0)","decl":{"start":{"line":5,"column":18},"end":{"line":5,"column":21}},"loc":{"start":{"line":5,"column":24},"end":{"line":5,"column":59}}}},"branchMap":{},"s":{"0":2,"1":21,"2":2},"f":{"0":21},"b":{}}
,"/Users/tjp/code/projects/tsy/packages/tsy_ecs/src/world.ts": {"path":"/Users/tjp/code/projects/tsy/packages/tsy_ecs/src/world.ts","statementMap":{"0":{"start":{"line":1,"column":0},"end":{"line":1,"column":null}},"1":{"start":{"line":18,"column":4},"end":{"line":20,"column":null}},"2":{"start":{"line":19,"column":6},"end":{"line":19,"column":null}},"3":{"start":{"line":24,"column":4},"end":{"line":24,"column":null}},"4":{"start":{"line":14,"column":0},"end":{"line":14,"column":22}},"5":{"start":{"line":15,"column":16},"end":{"line":15,"column":null}},"6":{"start":{"line":29,"column":18},"end":{"line":29,"column":null}},"7":{"start":{"line":31,"column":9},"end":{"line":31,"column":null}},"8":{"start":{"line":32,"column":9},"end":{"line":32,"column":null}},"9":{"start":{"line":35,"column":4},"end":{"line":35,"column":null}},"10":{"start":{"line":41,"column":4},"end":{"line":43,"column":39}},"11":{"start":{"line":42,"column":6},"end":{"line":42,"column":null}},"12":{"start":{"line":45,"column":4},"end":{"line":45,"column":null}},"13":{"start":{"line":46,"column":4},"end":{"line":46,"column":null}},"14":{"start":{"line":48,"column":4},"end":{"line":48,"column":null}},"15":{"start":{"line":52,"column":4},"end":{"line":55,"column":null}},"16":{"start":{"line":53,"column":6},"end":{"line":53,"column":null}},"17":{"start":{"line":54,"column":6},"end":{"line":54,"column":null}},"18":{"start":{"line":59,"column":4},"end":{"line":59,"column":null}},"19":{"start":{"line":63,"column":4},"end":{"line":63,"column":null}},"20":{"start":{"line":67,"column":4},"end":{"line":67,"column":null}},"21":{"start":{"line":71,"column":4},"end":{"line":71,"column":null}},"22":{"start":{"line":75,"column":4},"end":{"line":75,"column":null}},"23":{"start":{"line":79,"column":4},"end":{"line":79,"column":null}},"24":{"start":{"line":28,"column":0},"end":{"line":28,"column":13}}},"fnMap":{"0":{"name":"(anonymous_0)","decl":{"start":{"line":17,"column":2},"end":{"line":17,"column":21}},"loc":{"start":{"line":17,"column":76},"end":{"line":21,"column":3}}},"1":{"name":"(anonymous_1)","decl":{"start":{"line":23,"column":2},"end":{"line":23,"column":13}},"loc":{"start":{"line":23,"column":17},"end":{"line":25,"column":3}}},"2":{"name":"(anonymous_2)","decl":{"start":{"line":34,"column":2},"end":{"line":34,"column":null}},"loc":{"start":{"line":34,"column":2},"end":{"line":36,"column":3}}},"3":{"name":"(anonymous_3)","decl":{"start":{"line":38,"column":9},"end":{"line":38,"column":14}},"loc":{"start":{"line":38,"column":14},"end":{"line":49,"column":3}}},"4":{"name":"(anonymous_4)","decl":{"start":{"line":51,"column":9},"end":{"line":51,"column":16}},"loc":{"start":{"line":51,"column":31},"end":{"line":56,"column":3}}},"5":{"name":"(anonymous_5)","decl":{"start":{"line":58,"column":9},"end":{"line":58,"column":24}},"loc":{"start":{"line":58,"column":66},"end":{"line":60,"column":3}}},"6":{"name":"(anonymous_6)","decl":{"start":{"line":62,"column":9},"end":{"line":62,"column":24}},"loc":{"start":{"line":62,"column":60},"end":{"line":64,"column":3}}},"7":{"name":"(anonymous_7)","decl":{"start":{"line":66,"column":9},"end":{"line":66,"column":21}},"loc":{"start":{"line":66,"column":92},"end":{"line":68,"column":3}}},"8":{"name":"(anonymous_8)","decl":{"start":{"line":70,"column":9},"end":{"line":70,"column":23}},"loc":{"start":{"line":70,"column":49},"end":{"line":72,"column":3}}},"9":{"name":"(anonymous_9)","decl":{"start":{"line":74,"column":9},"end":{"line":74,"column":23}},"loc":{"start":{"line":74,"column":43},"end":{"line":76,"column":3}}},"10":{"name":"(anonymous_10)","decl":{"start":{"line":78,"column":9},"end":{"line":78,"column":20}},"loc":{"start":{"line":78,"column":75},"end":{"line":80,"column":3}}}},"branchMap":{"0":{"loc":{"start":{"line":17,"column":49},"end":{"line":17,"column":76}},"type":"default-arg","locations":[{"start":{"line":17,"column":74},"end":{"line":17,"column":76}}]},"1":{"loc":{"start":{"line":18,"column":4},"end":{"line":20,"column":null}},"type":"if","locations":[{"start":{"line":18,"column":4},"end":{"line":20,"column":null}}]},"2":{"loc":{"start":{"line":52,"column":4},"end":{"line":55,"column":null}},"type":"if","locations":[{"start":{"line":52,"column":4},"end":{"line":55,"column":null}}]}},"s":{"0":2,"1":6,"2":3,"3":6,"4":2,"5":2,"6":11,"7":11,"8":11,"9":11,"10":8,"11":8,"12":8,"13":8,"14":8,"15":3,"16":2,"17":2,"18":3,"19":2,"20":8,"21":3,"22":2,"23":8,"24":2},"f":{"0":6,"1":6,"2":11,"3":8,"4":3,"5":3,"6":2,"7":8,"8":3,"9":2,"10":8},"b":{"0":[5],"1":[3],"2":[2]}}
}
