TN:
SF:src/commands.ts
FN:46,(anonymous_0)
FN:50,(anonymous_1)
FN:54,(anonymous_2)
FN:61,(anonymous_3)
FN:68,(anonymous_4)
FN:76,(anonymous_5)
FN:84,(anonymous_6)
FN:88,(anonymous_7)
FN:114,(anonymous_8)
FN:119,(anonymous_9)
FN:123,(anonymous_10)
FN:133,(anonymous_11)
FN:143,(anonymous_12)
FNF:13
FNH:13
FNDA:8,(anonymous_0)
FNDA:7,(anonymous_1)
FNDA:2,(anonymous_2)
FNDA:1,(anonymous_3)
FNDA:9,(anonymous_4)
FNDA:2,(anonymous_5)
FNDA:2,(anonymous_6)
FNDA:7,(anonymous_7)
FNDA:9,(anonymous_8)
FNDA:4,(anonymous_9)
FNDA:2,(anonymous_10)
FNDA:1,(anonymous_11)
FNDA:1,(anonymous_12)
DA:43,1
DA:44,8
DA:47,8
DA:51,7
DA:55,2
DA:62,1
DA:69,9
DA:70,1
DA:73,8
DA:77,2
DA:78,1
DA:81,1
DA:85,2
DA:89,7
DA:90,7
DA:92,2
DA:93,2
DA:95,1
DA:96,1
DA:98,1
DA:99,1
DA:101,2
DA:102,2
DA:104,1
DA:105,1
DA:109,7
DA:113,1
DA:115,9
DA:116,9
DA:120,4
DA:124,2
DA:130,2
DA:134,1
DA:140,1
DA:144,1
DA:149,1
LF:36
LH:36
BRDA:69,0,0,1
BRDA:77,1,0,1
BRDA:90,2,0,2
BRDA:90,2,1,1
BRDA:90,2,2,1
BRDA:90,2,3,2
BRDA:90,2,4,1
BRF:7
BRH:7
end_of_record
TN:
SF:src/utilities.ts
FN:5,(anonymous_0)
FNF:1
FNH:1
FNDA:21,(anonymous_0)
DA:5,21
LF:1
LH:1
BRF:0
BRH:0
end_of_record
TN:
SF:src/world.ts
FN:17,(anonymous_0)
FN:23,(anonymous_1)
FN:34,(anonymous_2)
FN:38,(anonymous_3)
FN:51,(anonymous_4)
FN:58,(anonymous_5)
FN:62,(anonymous_6)
FN:66,(anonymous_7)
FN:70,(anonymous_8)
FN:74,(anonymous_9)
FN:78,(anonymous_10)
FNF:11
FNH:11
FNDA:6,(anonymous_0)
FNDA:6,(anonymous_1)
FNDA:11,(anonymous_2)
FNDA:8,(anonymous_3)
FNDA:3,(anonymous_4)
FNDA:3,(anonymous_5)
FNDA:2,(anonymous_6)
FNDA:8,(anonymous_7)
FNDA:3,(anonymous_8)
FNDA:2,(anonymous_9)
FNDA:8,(anonymous_10)
DA:1,2
DA:14,2
DA:15,2
DA:18,6
DA:19,3
DA:24,6
DA:28,2
DA:29,11
DA:31,11
DA:32,11
DA:35,11
DA:41,8
DA:42,8
DA:45,8
DA:46,8
DA:48,8
DA:52,3
DA:53,2
DA:54,2
DA:59,3
DA:63,2
DA:67,8
DA:71,3
DA:75,2
DA:79,8
LF:25
LH:25
BRDA:17,0,0,5
BRDA:18,1,0,3
BRDA:52,2,0,2
BRF:3
BRH:3
end_of_record
